2025-05-11 20:02:32 [ERROR] Ошибка при сканировании пар: Cannot read properties of null (reading 'getExchangeInfo')
2025-05-11 20:02:32 [ERROR] Error scanning pairs: Cannot read properties of null (reading 'getExchangeInfo')
2025-05-12 14:07:25 [ERROR] Торговый бот не инициализирован или нет клиента API
2025-05-12 14:07:25 [ERROR] Торговый бот не инициализирован или нет клиента API
2025-05-12 14:29:42 [ERROR] Торговый бот не инициализирован или нет клиента API
2025-05-12 14:29:43 [ERROR] Торговый бот не инициализирован или нет клиента API
2025-05-12 14:43:38 [ERROR] Торговый бот не инициализирован или нет клиента API
2025-05-12 14:43:38 [ERROR] Торговый бот не инициализирован или нет клиента API
2025-05-12 14:43:48 [ERROR] Торговый бот не инициализирован или нет клиента API
2025-05-12 14:43:48 [ERROR] Торговый бот не инициализирован или нет клиента API
2025-05-12 14:44:03 [ERROR] Торговый бот не инициализирован или нет клиента API
2025-05-12 14:44:18 [ERROR] Торговый бот не инициализирован или нет клиента API
2025-05-12 14:44:33 [ERROR] Торговый бот не инициализирован или нет клиента API
2025-05-12 14:44:48 [ERROR] Торговый бот не инициализирован или нет клиента API
2025-05-12 14:45:03 [ERROR] Торговый бот не инициализирован или нет клиента API
2025-05-12 14:46:10 [ERROR] Торговый бот не инициализирован или нет клиента API
2025-05-12 14:46:19 [ERROR] Торговый бот не инициализирован или нет клиента API
2025-05-12 14:46:34 [ERROR] Торговый бот не инициализирован или нет клиента API
2025-05-12 14:46:49 [ERROR] Торговый бот не инициализирован или нет клиента API
2025-05-12 14:47:03 [ERROR] Торговый бот не инициализирован или нет клиента API
2025-05-12 14:48:17 [ERROR] Торговый бот не инициализирован или нет клиента API
2025-05-12 14:49:18 [ERROR] Торговый бот не инициализирован или нет клиента API
2025-05-12 14:50:18 [ERROR] Торговый бот не инициализирован или нет клиента API
2025-05-12 14:51:18 [ERROR] Торговый бот не инициализирован или нет клиента API
2025-05-12 14:52:18 [ERROR] Торговый бот не инициализирован или нет клиента API
2025-05-12 14:53:18 [ERROR] Торговый бот не инициализирован или нет клиента API
2025-05-12 14:54:18 [ERROR] Торговый бот не инициализирован или нет клиента API
2025-05-12 14:55:17 [ERROR] Торговый бот не инициализирован или нет клиента API
2025-05-12 14:56:18 [ERROR] Торговый бот не инициализирован или нет клиента API
2025-05-12 14:56:28 [ERROR] Торговый бот не инициализирован или нет клиента API
2025-05-12 14:56:33 [ERROR] Торговый бот не инициализирован или нет клиента API
2025-05-12 14:56:34 [ERROR] Торговый бот не инициализирован или нет клиента API
2025-05-12 14:56:50 [ERROR] Торговый бот не инициализирован или нет клиента API
2025-05-12 14:57:04 [ERROR] Торговый бот не инициализирован или нет клиента API
2025-05-12 14:57:20 [ERROR] Торговый бот не инициализирован или нет клиента API
2025-05-12 14:57:34 [ERROR] Торговый бот не инициализирован или нет клиента API
2025-05-12 14:57:50 [ERROR] Торговый бот не инициализирован или нет клиента API
2025-05-12 14:58:04 [ERROR] Торговый бот не инициализирован или нет клиента API
2025-05-12 14:59:17 [ERROR] Торговый бот не инициализирован или нет клиента API
2025-05-12 15:00:17 [ERROR] Торговый бот не инициализирован или нет клиента API
2025-05-12 15:00:25 [ERROR] Торговый бот не инициализирован или нет клиента API
2025-05-12 15:00:27 [ERROR] Торговый бот не инициализирован или нет клиента API
2025-05-12 15:00:27 [ERROR] Торговый бот не инициализирован или нет клиента API
2025-05-12 15:00:28 [ERROR] Торговый бот не инициализирован или нет клиента API
2025-05-12 15:00:28 [ERROR] Торговый бот не инициализирован или нет клиента API
2025-05-12 15:00:43 [ERROR] Торговый бот не инициализирован или нет клиента API
2025-05-12 15:00:59 [ERROR] Торговый бот не инициализирован или нет клиента API
2025-05-12 15:01:14 [ERROR] Торговый бот не инициализирован или нет клиента API
2025-05-12 15:01:29 [ERROR] Торговый бот не инициализирован или нет клиента API
2025-05-12 15:01:30 [ERROR] Торговый бот не инициализирован или нет клиента API
2025-05-12 15:01:30 [ERROR] Торговый бот не инициализирован или нет клиента API
2025-05-12 15:05:41 [ERROR] Торговый бот не инициализирован или нет клиента API
2025-05-12 15:05:42 [ERROR] Торговый бот не инициализирован или нет клиента API
2025-05-12 15:05:55 [ERROR] Торговый бот не инициализирован или нет клиента API
2025-05-12 15:05:55 [ERROR] Торговый бот не инициализирован или нет клиента API
2025-05-12 15:06:06 [ERROR] Торговый бот не инициализирован или нет клиента API
2025-05-12 15:06:07 [ERROR] Торговый бот не инициализирован или нет клиента API
2025-05-12 15:06:21 [ERROR] Торговый бот не инициализирован или нет клиента API
2025-05-12 15:06:36 [ERROR] Торговый бот не инициализирован или нет клиента API
2025-05-12 15:06:52 [ERROR] Торговый бот не инициализирован или нет клиента API
2025-05-12 15:07:06 [ERROR] Торговый бот не инициализирован или нет клиента API
2025-05-12 15:07:22 [ERROR] Торговый бот не инициализирован или нет клиента API
2025-05-12 15:07:37 [ERROR] Торговый бот не инициализирован или нет клиента API
2025-05-12 15:08:18 [ERROR] Торговый бот не инициализирован или нет клиента API
2025-05-12 15:09:17 [ERROR] Торговый бот не инициализирован или нет клиента API
2025-05-12 15:10:17 [ERROR] Торговый бот не инициализирован или нет клиента API
2025-05-12 15:11:18 [ERROR] Торговый бот не инициализирован или нет клиента API
2025-05-12 15:12:18 [ERROR] Торговый бот не инициализирован или нет клиента API
2025-05-12 15:13:17 [ERROR] Торговый бот не инициализирован или нет клиента API
2025-05-12 15:14:18 [ERROR] Торговый бот не инициализирован или нет клиента API
2025-05-12 15:15:17 [ERROR] Торговый бот не инициализирован или нет клиента API
2025-05-12 15:16:17 [ERROR] Торговый бот не инициализирован или нет клиента API
2025-05-12 15:17:14 [ERROR] Ошибка при тестовом подключении к бирже: BitGetClient is not defined
2025-05-12 15:17:17 [ERROR] Торговый бот не инициализирован или нет клиента API
2025-05-12 15:18:17 [ERROR] Торговый бот не инициализирован или нет клиента API
2025-05-12 15:18:30 [ERROR] API Error (GET /api/v2/mix/account/accounts): Request failed with status code 400
2025-05-12 15:18:30 [ERROR] Response status:
2025-05-12 15:18:30 [ERROR] Response data:
2025-05-12 15:18:30 [ERROR] Ошибка при запросе баланса: Request failed with status code 400
2025-05-12 15:18:30 [ERROR] Ответ сервера: {"code":"40037","msg":"Apikey does not exist","requestTime":1747055911180,"data":null}
2025-05-12 15:18:30 [ERROR] Ошибка при получении баланса: Request failed with status code 400
2025-05-12 15:18:36 [ERROR] Торговый бот не инициализирован или нет клиента API
2025-05-12 15:18:45 [ERROR] Торговый бот не инициализирован или нет клиента API
2025-05-12 15:18:46 [ERROR] Торговый бот не инициализирован или нет клиента API
2025-05-12 15:18:52 [ERROR] Торговый бот не инициализирован или нет клиента API
2025-05-12 15:19:07 [ERROR] Торговый бот не инициализирован или нет клиента API
2025-05-12 15:19:22 [ERROR] Торговый бот не инициализирован или нет клиента API
2025-05-12 15:19:36 [ERROR] Торговый бот не инициализирован или нет клиента API
2025-05-12 15:19:52 [ERROR] Торговый бот не инициализирован или нет клиента API
2025-05-12 15:20:06 [ERROR] Торговый бот не инициализирован или нет клиента API
2025-05-12 15:20:22 [ERROR] Торговый бот не инициализирован или нет клиента API
2025-05-12 15:21:17 [ERROR] Торговый бот не инициализирован или нет клиента API
2025-05-12 15:26:11 [ERROR] API Error (GET /api/v2/mix/account/accounts): Request failed with status code 400
2025-05-12 15:26:11 [ERROR] Response status:
2025-05-12 15:26:11 [ERROR] Response data:
2025-05-12 15:26:11 [ERROR] API ключ не существует. Проверьте правильность API ключа и убедитесь, что он активен на бирже BitGet
2025-05-12 15:26:11 [ERROR] Ошибка при запросе баланса: Request failed with status code 400
2025-05-12 15:26:11 [ERROR] Ответ сервера: {"code":"40037","msg":"Apikey does not exist","requestTime":1747056371576,"data":null}
2025-05-12 15:26:11 [ERROR] Ошибка при получении баланса: Request failed with status code 400
2025-05-12 15:26:17 [ERROR] Торговый бот не инициализирован или нет клиента API
2025-05-12 15:27:18 [ERROR] Торговый бот не инициализирован или нет клиента API
2025-05-12 15:28:18 [ERROR] Торговый бот не инициализирован или нет клиента API
2025-05-12 15:29:18 [ERROR] Торговый бот не инициализирован или нет клиента API
2025-05-12 15:30:17 [ERROR] Торговый бот не инициализирован или нет клиента API
2025-05-12 15:30:45 [ERROR] Торговый бот не инициализирован или нет клиента API
2025-05-12 15:30:49 [ERROR] Торговый бот не инициализирован или нет клиента API
2025-05-12 15:30:49 [ERROR] Торговый бот не инициализирован или нет клиента API
2025-05-12 15:31:04 [ERROR] Торговый бот не инициализирован или нет клиента API
2025-05-12 15:31:19 [ERROR] Торговый бот не инициализирован или нет клиента API
2025-05-12 15:31:35 [ERROR] Торговый бот не инициализирован или нет клиента API
2025-05-12 15:31:49 [ERROR] Торговый бот не инициализирован или нет клиента API
2025-05-12 15:32:05 [ERROR] Торговый бот не инициализирован или нет клиента API
2025-05-12 15:32:20 [ERROR] Торговый бот не инициализирован или нет клиента API
2025-05-12 15:32:35 [ERROR] Торговый бот не инициализирован или нет клиента API
2025-05-12 15:33:17 [ERROR] Торговый бот не инициализирован или нет клиента API
2025-05-12 15:34:18 [ERROR] Торговый бот не инициализирован или нет клиента API
2025-05-12 15:35:18 [ERROR] Торговый бот не инициализирован или нет клиента API
2025-05-12 15:36:18 [ERROR] Торговый бот не инициализирован или нет клиента API
2025-05-12 15:37:02 [ERROR] Торговый бот не инициализирован или нет клиента API
2025-05-12 15:37:04 [ERROR] Торговый бот не инициализирован или нет клиента API
2025-05-12 15:37:12 [ERROR] Торговый бот не инициализирован или нет клиента API
2025-05-12 15:37:12 [ERROR] Торговый бот не инициализирован или нет клиента API
2025-05-12 15:37:27 [ERROR] Торговый бот не инициализирован или нет клиента API
2025-05-12 15:37:42 [ERROR] Торговый бот не инициализирован или нет клиента API
2025-05-12 15:37:58 [ERROR] Торговый бот не инициализирован или нет клиента API
2025-05-12 15:38:13 [ERROR] Торговый бот не инициализирован или нет клиента API
2025-05-12 15:38:28 [ERROR] Торговый бот не инициализирован или нет клиента API
2025-05-12 15:38:43 [ERROR] Торговый бот не инициализирован или нет клиента API
2025-05-12 15:39:02 [ERROR] Торговый бот не инициализирован или нет клиента API
2025-05-12 15:39:06 [ERROR] Торговый бот не инициализирован или нет клиента API
2025-05-12 15:39:07 [ERROR] Торговый бот не инициализирован или нет клиента API
2025-05-12 15:39:21 [ERROR] Торговый бот не инициализирован или нет клиента API
2025-05-12 15:39:36 [ERROR] Торговый бот не инициализирован или нет клиента API
2025-05-12 15:39:46 [ERROR] Торговый бот не инициализирован или нет клиента API
2025-05-12 15:39:47 [ERROR] Торговый бот не инициализирован или нет клиента API
2025-05-12 15:39:50 [ERROR] Не удалось отсканировать пары: отсутствует клиент API
2025-05-12 15:40:02 [ERROR] Торговый бот не инициализирован или нет клиента API
2025-05-12 15:40:16 [ERROR] Торговый бот не инициализирован или нет клиента API
2025-05-12 15:40:33 [ERROR] Торговый бот не инициализирован или нет клиента API
2025-05-12 15:40:47 [ERROR] Торговый бот не инициализирован или нет клиента API
2025-05-12 15:41:02 [ERROR] Торговый бот не инициализирован или нет клиента API
2025-05-12 15:41:17 [ERROR] Торговый бот не инициализирован или нет клиента API
2025-05-12 15:41:32 [ERROR] Торговый бот не инициализирован или нет клиента API
2025-05-12 15:41:47 [ERROR] Торговый бот не инициализирован или нет клиента API
2025-05-12 15:42:03 [ERROR] Торговый бот не инициализирован или нет клиента API
2025-05-12 15:42:18 [ERROR] Торговый бот не инициализирован или нет клиента API
2025-05-12 15:43:18 [ERROR] Торговый бот не инициализирован или нет клиента API
2025-05-12 15:44:18 [ERROR] Торговый бот не инициализирован или нет клиента API
2025-05-12 15:45:17 [ERROR] Торговый бот не инициализирован или нет клиента API
2025-05-12 15:46:17 [ERROR] Торговый бот не инициализирован или нет клиента API
2025-05-12 15:47:17 [ERROR] Торговый бот не инициализирован или нет клиента API
2025-05-12 15:48:17 [ERROR] Торговый бот не инициализирован или нет клиента API
2025-05-12 15:49:17 [ERROR] Торговый бот не инициализирован или нет клиента API
2025-05-12 15:50:17 [ERROR] Торговый бот не инициализирован или нет клиента API
2025-05-12 15:51:17 [ERROR] Торговый бот не инициализирован или нет клиента API
2025-05-12 15:52:17 [ERROR] Торговый бот не инициализирован или нет клиента API
2025-05-12 15:53:17 [ERROR] Торговый бот не инициализирован или нет клиента API
2025-05-12 15:54:17 [ERROR] Торговый бот не инициализирован или нет клиента API
2025-05-12 15:55:17 [ERROR] Торговый бот не инициализирован или нет клиента API
2025-05-12 15:56:17 [ERROR] Торговый бот не инициализирован или нет клиента API
2025-05-12 15:57:17 [ERROR] Торговый бот не инициализирован или нет клиента API
